oyunuum/app/build/outputs/logs/manifest-merger-debug-report.txt
-- Merging decision tree log ---
manifest
ADDED from src\main\AndroidManifest.xml:2:1-81:12
	package
		ADDED from src\main\AndroidManifest.xml:3:5-24
		INJECTED from src\main\AndroidManifest.xml
		INJECTED from src\main\AndroidManifest.xml
	android:versionName
		ADDED from src\main\AndroidManifest.xml:5:5-30
		INJECTED from src\main\AndroidManifest.xml
		INJECTED from src\main\AndroidManifest.xml
	android:versionCode
		ADDED from src\main\AndroidManifest.xml:4:5-28
		INJECTED from src\main\AndroidManifest.xml
		INJECTED from src\main\AndroidManifest.xml
	xmlns:android
		ADDED from src\main\AndroidManifest.xml:2:11-69
uses-sdk
ADDED from src\main\AndroidManifest.xml:7:5-9:41
MERGED from [com.android.support:support-v4:22.2.1] AndroidManifest.xml:20:5-43
	android:targetSdkVersion
		ADDED from src\main\AndroidManifest.xml:9:9-38
		INJECTED from src\main\AndroidManifest.xml
		INJECTED from src\main\AndroidManifest.xml
	android:minSdkVersion
		ADDED from src\main\AndroidManifest.xml:8:9-35
		INJECTED from src\main\AndroidManifest.xml
		INJECTED from src\main\AndroidManifest.xml
application
ADDED from src\main\AndroidManifest.xml:11:5-79:23
MERGED from [com.android.support:support-v4:22.2.1] AndroidManifest.xml:22:5-20
	android:label
		ADDED from src\main\AndroidManifest.xml:14:9-41
	android:allowBackup
		ADDED from src\main\AndroidManifest.xml:12:9-35
	android:icon
		ADDED from src\main\AndroidManifest.xml:13:9-41
	android:theme
		ADDED from src\main\AndroidManifest.xml:15:9-40
activity#com.gicik.Gicik
ADDED from src\main\AndroidManifest.xml:16:9-24:20
	android:label
		ADDED from src\main\AndroidManifest.xml:18:13-57
	android:name
		ADDED from src\main\AndroidManifest.xml:17:13-34
intent-filter#android.intent.action.MAIN+android.intent.category.LAUNCHER
ADDED from src\main\AndroidManifest.xml:19:13-23:29
action#android.intent.action.MAIN
ADDED from src\main\AndroidManifest.xml:20:17-69
	android:name
		ADDED from src\main\AndroidManifest.xml:20:25-66
category#android.intent.category.LAUNCHER
ADDED from src\main\AndroidManifest.xml:22:17-77
	android:name
		ADDED from src\main\AndroidManifest.xml:22:27-74
activity#com.gicik.adinsoyadin
ADDED from src\main\AndroidManifest.xml:25:9-103
	android:label
		ADDED from src\main\AndroidManifest.xml:25:19-63
	android:name
		ADDED from src\main\AndroidManifest.xml:25:64-91
activity#com.gicik.anamenu
ADDED from src\main\AndroidManifest.xml:26:9-99
	android:label
		ADDED from src\main\AndroidManifest.xml:26:19-63
	android:name
		ADDED from src\main\AndroidManifest.xml:26:64-87
activity#com.gicik.Ana
ADDED from src\main\AndroidManifest.xml:27:10-96
	android:label
		ADDED from src\main\AndroidManifest.xml:27:20-64
	android:name
		ADDED from src\main\AndroidManifest.xml:27:65-84
activity#com.gicik.Database
ADDED from src\main\AndroidManifest.xml:28:10-101
	android:label
		ADDED from src\main\AndroidManifest.xml:28:20-64
	android:name
		ADDED from src\main\AndroidManifest.xml:28:65-89
activity#com.gicik.Gicika1
ADDED from src\main\AndroidManifest.xml:29:9-85
	android:label
		ADDED from src\main\AndroidManifest.xml:29:19-49
	android:name
		ADDED from src\main\AndroidManifest.xml:29:50-73
activity#com.gicik.Gicika2
ADDED from src\main\AndroidManifest.xml:30:9-85
	android:label
		ADDED from src\main\AndroidManifest.xml:30:19-49
	android:name
		ADDED from src\main\AndroidManifest.xml:30:50-73
activity#com.gicik.Gicika3
ADDED from src\main\AndroidManifest.xml:31:9-85
	android:label
		ADDED from src\main\AndroidManifest.xml:31:19-49
	android:name
		ADDED from src\main\AndroidManifest.xml:31:50-73
activity#com.gicik.Gicika4
ADDED from src\main\AndroidManifest.xml:32:9-85
	android:label
		ADDED from src\main\AndroidManifest.xml:32:19-49
	android:name
		ADDED from src\main\AndroidManifest.xml:32:50-73
activity#com.gicik.Gicika5
ADDED from src\main\AndroidManifest.xml:33:9-85
	android:label
		ADDED from src\main\AndroidManifest.xml:33:19-49
	android:name
		ADDED from src\main\AndroidManifest.xml:33:50-73
activity#com.gicik.Gicika6
ADDED from src\main\AndroidManifest.xml:34:9-85
	android:label
		ADDED from src\main\AndroidManifest.xml:34:19-49
	android:name
		ADDED from src\main\AndroidManifest.xml:34:50-73
activity#com.gicik.Gicika7
ADDED from src\main\AndroidManifest.xml:35:9-85
	android:label
		ADDED from src\main\AndroidManifest.xml:35:19-49
	android:name
		ADDED from src\main\AndroidManifest.xml:35:50-73
activity#com.gicik.Gicika8
ADDED from src\main\AndroidManifest.xml:36:9-85
	android:label
		ADDED from src\main\AndroidManifest.xml:36:19-49
	android:name
		ADDED from src\main\AndroidManifest.xml:36:50-73
activity#com.gicik.Gicika9
ADDED from src\main\AndroidManifest.xml:37:9-85
	android:label
		ADDED from src\main\AndroidManifest.xml:37:19-49
	android:name
		ADDED from src\main\AndroidManifest.xml:37:50-73
activity#com.gicik.Gicikb10
ADDED from src\main\AndroidManifest.xml:38:9-87
	android:label
		ADDED from src\main\AndroidManifest.xml:38:19-50
	android:name
		ADDED from src\main\AndroidManifest.xml:38:51-75
activity#com.gicik.Gicikb11
ADDED from src\main\AndroidManifest.xml:39:9-87
	android:label
		ADDED from src\main\AndroidManifest.xml:39:19-50
	android:name
		ADDED from src\main\AndroidManifest.xml:39:51-75
activity#com.gicik.Gicikb12
ADDED from src\main\AndroidManifest.xml:40:9-87
	android:label
		ADDED from src\main\AndroidManifest.xml:40:19-50
	android:name
		ADDED from src\main\AndroidManifest.xml:40:51-75
activity#com.gicik.Gicikb13
ADDED from src\main\AndroidManifest.xml:41:9-87
	android:label
		ADDED from src\main\AndroidManifest.xml:41:19-50
	android:name
		ADDED from src\main\AndroidManifest.xml:41:51-75
activity#com.gicik.Gicikb14
ADDED from src\main\AndroidManifest.xml:42:9-87
	android:label
		ADDED from src\main\AndroidManifest.xml:42:19-50
	android:name
		ADDED from src\main\AndroidManifest.xml:42:51-75
activity#com.gicik.Gicikb15
ADDED from src\main\AndroidManifest.xml:43:9-87
	android:label
		ADDED from src\main\AndroidManifest.xml:43:19-50
	android:name
		ADDED from src\main\AndroidManifest.xml:43:51-75
activity#com.gicik.Gicikb16
ADDED from src\main\AndroidManifest.xml:44:9-87
	android:label
		ADDED from src\main\AndroidManifest.xml:44:19-50
	android:name
		ADDED from src\main\AndroidManifest.xml:44:51-75
activity#com.gicik.Gicikb17
ADDED from src\main\AndroidManifest.xml:45:9-87
	android:label
		ADDED from src\main\AndroidManifest.xml:45:19-50
	android:name
		ADDED from src\main\AndroidManifest.xml:45:51-75
activity#com.gicik.Gicikb18
ADDED from src\main\AndroidManifest.xml:46:9-87
	android:label
		ADDED from src\main\AndroidManifest.xml:46:19-50
	android:name
		ADDED from src\main\AndroidManifest.xml:46:51-75
activity#com.gicik.Gicikb19
ADDED from src\main\AndroidManifest.xml:47:9-87
	android:label
		ADDED from src\main\AndroidManifest.xml:47:19-50
	android:name
		ADDED from src\main\AndroidManifest.xml:47:51-75
activity#com.gicik.Gicikc20
ADDED from src\main\AndroidManifest.xml:48:9-87
	android:label
		ADDED from src\main\AndroidManifest.xml:48:19-50
	android:name
		ADDED from src\main\AndroidManifest.xml:48:51-75
activity#com.gicik.Gicikc21
ADDED from src\main\AndroidManifest.xml:49:9-87
	android:label
		ADDED from src\main\AndroidManifest.xml:49:19-50
	android:name
		ADDED from src\main\AndroidManifest.xml:49:51-75
activity#com.gicik.Gicikc22
ADDED from src\main\AndroidManifest.xml:50:9-87
	android:label
		ADDED from src\main\AndroidManifest.xml:50:19-50
	android:name
		ADDED from src\main\AndroidManifest.xml:50:51-75
activity#com.gicik.Gicikc23
ADDED from src\main\AndroidManifest.xml:51:9-87
	android:label
		ADDED from src\main\AndroidManifest.xml:51:19-50
	android:name
		ADDED from src\main\AndroidManifest.xml:51:51-75
activity#com.gicik.Gicikc24
ADDED from src\main\AndroidManifest.xml:52:9-87
	android:label
		ADDED from src\main\AndroidManifest.xml:52:19-50
	android:name
		ADDED from src\main\AndroidManifest.xml:52:51-75
activity#com.gicik.Gicikc25
ADDED from src\main\AndroidManifest.xml:53:9-87
	android:label
		ADDED from src\main\AndroidManifest.xml:53:19-50
	android:name
		ADDED from src\main\AndroidManifest.xml:53:51-75
activity#com.gicik.Gicikc26
ADDED from src\main\AndroidManifest.xml:54:9-87
	android:label
		ADDED from src\main\AndroidManifest.xml:54:19-50
	android:name
		ADDED from src\main\AndroidManifest.xml:54:51-75
activity#com.gicik.Gicikc27
ADDED from src\main\AndroidManifest.xml:55:9-87
	android:label
		ADDED from src\main\AndroidManifest.xml:55:19-50
	android:name
		ADDED from src\main\AndroidManifest.xml:55:51-75
activity#com.gicik.Gicikc28
ADDED from src\main\AndroidManifest.xml:56:9-87
	android:label
		ADDED from src\main\AndroidManifest.xml:56:19-50
	android:name
		ADDED from src\main\AndroidManifest.xml:56:51-75
activity#com.gicik.Gicikc29
ADDED from src\main\AndroidManifest.xml:57:9-87
	android:label
		ADDED from src\main\AndroidManifest.xml:57:19-50
	android:name
		ADDED from src\main\AndroidManifest.xml:57:51-75
activity#com.gicik.Gicikd30
ADDED from src\main\AndroidManifest.xml:58:9-87
	android:label
		ADDED from src\main\AndroidManifest.xml:58:19-50
	android:name
		ADDED from src\main\AndroidManifest.xml:58:51-75
activity#com.gicik.Gicikd31
ADDED from src\main\AndroidManifest.xml:59:9-87
	android:label
		ADDED from src\main\AndroidManifest.xml:59:19-50
	android:name
		ADDED from src\main\AndroidManifest.xml:59:51-75
activity#com.gicik.Gicikd32
ADDED from src\main\AndroidManifest.xml:60:9-87
	android:label
		ADDED from src\main\AndroidManifest.xml:60:19-50
	android:name
		ADDED from src\main\AndroidManifest.xml:60:51-75
activity#com.gicik.Gicikd33
ADDED from src\main\AndroidManifest.xml:61:9-87
	android:label
		ADDED from src\main\AndroidManifest.xml:61:19-50
	android:name
		ADDED from src\main\AndroidManifest.xml:61:51-75
activity#com.gicik.Gicikd34
ADDED from src\main\AndroidManifest.xml:62:9-87
	android:label
		ADDED from src\main\AndroidManifest.xml:62:19-50
	android:name
		ADDED from src\main\AndroidManifest.xml:62:51-75
activity#com.gicik.Gicikd35
ADDED from src\main\AndroidManifest.xml:63:9-87
	android:label
		ADDED from src\main\AndroidManifest.xml:63:19-50
	android:name
		ADDED from src\main\AndroidManifest.xml:63:51-75
activity#com.gicik.Gicikd36
ADDED from src\main\AndroidManifest.xml:64:9-87
	android:label
		ADDED from src\main\AndroidManifest.xml:64:19-50
	android:name
		ADDED from src\main\AndroidManifest.xml:64:51-75
activity#com.gicik.Gicikd37
ADDED from src\main\AndroidManifest.xml:65:9-87
	android:label
		ADDED from src\main\AndroidManifest.xml:65:19-50
	android:name
		ADDED from src\main\AndroidManifest.xml:65:51-75
activity#com.gicik.Gicikd38
ADDED from src\main\AndroidManifest.xml:66:9-87
	android:label
		ADDED from src\main\AndroidManifest.xml:66:19-50
	android:name
		ADDED from src\main\AndroidManifest.xml:66:51-75
activity#com.gicik.Gicikd39
ADDED from src\main\AndroidManifest.xml:67:9-87
	android:label
		ADDED from src\main\AndroidManifest.xml:67:19-50
	android:name
		ADDED from src\main\AndroidManifest.xml:67:51-75
activity#com.gicik.Gicike40
ADDED from src\main\AndroidManifest.xml:68:9-87
	android:label
		ADDED from src\main\AndroidManifest.xml:68:19-50
	android:name
		ADDED from src\main\AndroidManifest.xml:68:51-75
activity#com.gicik.Gicike41
ADDED from src\main\AndroidManifest.xml:69:9-87
	android:label
		ADDED from src\main\AndroidManifest.xml:69:19-50
	android:name
		ADDED from src\main\AndroidManifest.xml:69:51-75
activity#com.gicik.Gicike42
ADDED from src\main\AndroidManifest.xml:70:9-87
	android:label
		ADDED from src\main\AndroidManifest.xml:70:19-50
	android:name
		ADDED from src\main\AndroidManifest.xml:70:51-75
activity#com.gicik.Gicike43
ADDED from src\main\AndroidManifest.xml:71:9-87
	android:label
		ADDED from src\main\AndroidManifest.xml:71:19-50
	android:name
		ADDED from src\main\AndroidManifest.xml:71:51-75
activity#com.gicik.Gicike44
ADDED from src\main\AndroidManifest.xml:72:9-87
	android:label
		ADDED from src\main\AndroidManifest.xml:72:19-50
	android:name
		ADDED from src\main\AndroidManifest.xml:72:51-75
activity#com.gicik.Gicike45
ADDED from src\main\AndroidManifest.xml:73:9-87
	android:label
		ADDED from src\main\AndroidManifest.xml:73:19-50
	android:name
		ADDED from src\main\AndroidManifest.xml:73:51-75
activity#com.gicik.Gicike46
ADDED from src\main\AndroidManifest.xml:74:9-87
	android:label
		ADDED from src\main\AndroidManifest.xml:74:19-50
	android:name
		ADDED from src\main\AndroidManifest.xml:74:51-75
activity#com.gicik.Gicike47
ADDED from src\main\AndroidManifest.xml:75:9-87
	android:label
		ADDED from src\main\AndroidManifest.xml:75:19-50
	android:name
		ADDED from src\main\AndroidManifest.xml:75:51-75
activity#com.gicik.Gicike48
ADDED from src\main\AndroidManifest.xml:76:9-87
	android:label
		ADDED from src\main\AndroidManifest.xml:76:19-50
	android:name
		ADDED from src\main\AndroidManifest.xml:76:51-75
activity#com.gicik.Gicike49
ADDED from src\main\AndroidManifest.xml:77:9-87
	android:label
		ADDED from src\main\AndroidManifest.xml:77:19-50
	android:name
		ADDED from src\main\AndroidManifest.xml:77:51-75
activity#com.gicik.Gicikf50
ADDED from src\main\AndroidManifest.xml:78:9-87
	android:label
		ADDED from src\main\AndroidManifest.xml:78:19-50
	android:name
		ADDED from src\main\AndroidManifest.xml:78:51-75